生成启动时间为 2017/10/29 星期日 21:23:20。
     1>项目“D:\CODE\STL\day02\day02\day02.vcxproj”在节点 2 上(Build 个目标)。
     1>ClCompile:
         C:\Program Files (x86)\Microsoft Visual Studio 14.0\VC\bin\CL.exe /c /Zi /nologo /W3 /WX- /sdl /O2 /Oi /Oy- /GL /D WIN32 /D NDEBUG /D _CONSOLE /D _UNICODE /D UNICODE /Gm- /EHsc /MD /GS /Gy /fp:precise /Zc:wchar_t /Zc:forScope /Zc:inline /Fo"Release\\" /Fd"Release\vc140.pdb" /Gd /TP /analyze- /errorReport:prompt "容器值语意.cpp"
         容器值语意.cpp
     1>容器值语意.cpp(12): warning C4267: “初始化”: 从“size_t”转换到“char”，可能丢失数据
       Link:
         C:\Program Files (x86)\Microsoft Visual Studio 14.0\VC\bin\link.exe /ERRORREPORT:PROMPT /OUT:"D:\CODE\STL\day02\Release\day02.exe" /INCREMENTAL:NO /NOLOGO kernel32.lib user32.lib gdi32.lib winspool.lib comdlg32.lib advapi32.lib shell32.lib ole32.lib oleaut32.lib uuid.lib odbc32.lib odbccp32.lib /MANIFEST /MANIFESTUAC:"level='asInvoker' uiAccess='false'" /manifest:embed /Debug /PDB:"D:\CODE\STL\day02\Release\day02.pdb" /SUBSYSTEM:CONSOLE /OPT:REF /OPT:ICF /LTCG:incremental /TLBID:1 /DYNAMICBASE /NXCOMPAT /IMPLIB:"D:\CODE\STL\day02\Release\day02.lib" /MACHINE:X86 /SAFESEH Release\main.obj
         "Release\map基本操作.obj"
         "Release\multimap操练.obj"
         "Release\容器值语意.obj"
         正在生成代码
         4 of 93 functions ( 4.3%) were compiled, the rest were copied from previous compilation.
           1 functions were new in current compilation
           0 functions had inline decision re-evaluated but remain unchanged
         已完成代码的生成
         day02.vcxproj -> D:\CODE\STL\day02\Release\day02.exe
     1>已完成生成项目“D:\CODE\STL\day02\day02\day02.vcxproj”(Build 个目标)的操作。

已成功生成。

已用时间 00:00:01.41
